2025-05-05 10:13:22,648 [INFO] Using settings: OUTPUT_DIR=output
2025-05-05 10:13:22,648 [INFO] Starting crawl process for 4 domains...
2025-05-05 10:13:22,652 [INFO] Scrapy 2.8.0 started (bot: scrapybot)
2025-05-05 10:13:22,686 [INFO] Versions: lxml 5.4.0.0, libxml2 2.11.9, cssselect 1.3.0, parsel 1.10.0, w3lib 2.3.1, Twisted 24.11.0, Python 3.9.21 (main, Dec 11 2024, 16:35:24) [MSC v.1929 64 bit (AMD64)], pyOpenSSL 25.0.0 (OpenSSL 3.4.1 11 Feb 2025), cryptography 44.0.3, Platform Windows-10-10.0.26100-SP0
2025-05-05 10:13:22,687 [INFO] Adding crawler for domain: virgio.com
2025-05-05 10:13:22,692 [INFO] Overridden settings:
{}
2025-05-05 10:13:22,697 [WARNING] C:\Users\ASUS\anaconda3\envs\ecommerce-crawler\lib\site-packages\scrapy\utils\request.py:232: ScrapyDeprecationWarning: '2.6' is a deprecated value for the 'REQUEST_FINGERPRINTER_IMPLEMENTATION' setting.

It is also the default value. In other words, it is normal to get this warning if you have not defined a value for the 'REQUEST_FINGERPRINTER_IMPLEMENTATION' setting. This is so for backward compatibility reasons, but it will change in a future version of Scrapy.

See the documentation of the 'REQUEST_FINGERPRINTER_IMPLEMENTATION' setting for information on how to handle this deprecation.
  return cls(crawler)

2025-05-05 10:13:22,704 [DEBUG] Using reactor: twisted.internet.selectreactor.SelectReactor
2025-05-05 10:13:22,731 [INFO] Telnet Password: f05dbb0ecbc53b45
2025-05-05 10:13:22,763 [INFO] Enabled extensions:
['scrapy.extensions.corestats.CoreStats',
 'scrapy.extensions.telnet.TelnetConsole',
 'scrapy.extensions.logstats.LogStats']
2025-05-05 10:13:23,082 [INFO] Enabled downloader middlewares:
['scrapy.downloadermiddlewares.httpauth.HttpAuthMiddleware',
 'scrapy.downloadermiddlewares.downloadtimeout.DownloadTimeoutMiddleware',
 'scrapy.downloadermiddlewares.defaultheaders.DefaultHeadersMiddleware',
 'scrapy.downloadermiddlewares.useragent.UserAgentMiddleware',
 'scrapy.downloadermiddlewares.retry.RetryMiddleware',
 'scrapy.downloadermiddlewares.redirect.MetaRefreshMiddleware',
 'scrapy.downloadermiddlewares.httpcompression.HttpCompressionMiddleware',
 'scrapy.downloadermiddlewares.redirect.RedirectMiddleware',
 'scrapy.downloadermiddlewares.cookies.CookiesMiddleware',
 'scrapy.downloadermiddlewares.httpproxy.HttpProxyMiddleware',
 'scrapy.downloadermiddlewares.stats.DownloaderStats']
2025-05-05 10:13:23,088 [INFO] Enabled spider middlewares:
['scrapy.spidermiddlewares.httperror.HttpErrorMiddleware',
 'scrapy.spidermiddlewares.offsite.OffsiteMiddleware',
 'scrapy.spidermiddlewares.referer.RefererMiddleware',
 'scrapy.spidermiddlewares.urllength.UrlLengthMiddleware',
 'scrapy.spidermiddlewares.depth.DepthMiddleware']
2025-05-05 10:13:23,106 [INFO] Enabled item pipelines:
['crawler.pipelines.DuplicatesPipeline', 'crawler.pipelines.OutputPipeline']
2025-05-05 10:13:23,106 [INFO] Spider opened
2025-05-05 10:13:23,280 [INFO] Crawled 0 pages (at 0 pages/min), scraped 0 items (at 0 items/min)
2025-05-05 10:13:23,282 [INFO] Telnet console listening on 127.0.0.1:6023
2025-05-05 10:13:23,282 [INFO] Adding crawler for domain: tatacliq.com
2025-05-05 10:13:23,284 [INFO] Overridden settings:
{}
2025-05-05 10:13:23,286 [INFO] Telnet Password: 0ea63768e2a035ce
2025-05-05 10:13:23,287 [INFO] Enabled extensions:
['scrapy.extensions.corestats.CoreStats',
 'scrapy.extensions.telnet.TelnetConsole',
 'scrapy.extensions.logstats.LogStats']
2025-05-05 10:13:23,290 [INFO] Enabled downloader middlewares:
['scrapy.downloadermiddlewares.httpauth.HttpAuthMiddleware',
 'scrapy.downloadermiddlewares.downloadtimeout.DownloadTimeoutMiddleware',
 'scrapy.downloadermiddlewares.defaultheaders.DefaultHeadersMiddleware',
 'scrapy.downloadermiddlewares.useragent.UserAgentMiddleware',
 'scrapy.downloadermiddlewares.retry.RetryMiddleware',
 'scrapy.downloadermiddlewares.redirect.MetaRefreshMiddleware',
 'scrapy.downloadermiddlewares.httpcompression.HttpCompressionMiddleware',
 'scrapy.downloadermiddlewares.redirect.RedirectMiddleware',
 'scrapy.downloadermiddlewares.cookies.CookiesMiddleware',
 'scrapy.downloadermiddlewares.httpproxy.HttpProxyMiddleware',
 'scrapy.downloadermiddlewares.stats.DownloaderStats']
2025-05-05 10:13:23,291 [INFO] Enabled spider middlewares:
['scrapy.spidermiddlewares.httperror.HttpErrorMiddleware',
 'scrapy.spidermiddlewares.offsite.OffsiteMiddleware',
 'scrapy.spidermiddlewares.referer.RefererMiddleware',
 'scrapy.spidermiddlewares.urllength.UrlLengthMiddleware',
 'scrapy.spidermiddlewares.depth.DepthMiddleware']
2025-05-05 10:13:23,292 [INFO] Enabled item pipelines:
['crawler.pipelines.DuplicatesPipeline', 'crawler.pipelines.OutputPipeline']
2025-05-05 10:13:23,292 [INFO] Spider opened
2025-05-05 10:13:23,294 [INFO] Crawled 0 pages (at 0 pages/min), scraped 0 items (at 0 items/min)
2025-05-05 10:13:23,295 [INFO] Telnet console listening on 127.0.0.1:6024
2025-05-05 10:13:23,296 [INFO] Adding crawler for domain: nykaafashion.com
2025-05-05 10:13:23,298 [INFO] Overridden settings:
{}
2025-05-05 10:13:23,299 [INFO] Telnet Password: 52b1104cfdbd526a
2025-05-05 10:13:23,302 [INFO] Enabled extensions:
['scrapy.extensions.corestats.CoreStats',
 'scrapy.extensions.telnet.TelnetConsole',
 'scrapy.extensions.logstats.LogStats']
2025-05-05 10:13:23,305 [INFO] Enabled downloader middlewares:
['scrapy.downloadermiddlewares.httpauth.HttpAuthMiddleware',
 'scrapy.downloadermiddlewares.downloadtimeout.DownloadTimeoutMiddleware',
 'scrapy.downloadermiddlewares.defaultheaders.DefaultHeadersMiddleware',
 'scrapy.downloadermiddlewares.useragent.UserAgentMiddleware',
 'scrapy.downloadermiddlewares.retry.RetryMiddleware',
 'scrapy.downloadermiddlewares.redirect.MetaRefreshMiddleware',
 'scrapy.downloadermiddlewares.httpcompression.HttpCompressionMiddleware',
 'scrapy.downloadermiddlewares.redirect.RedirectMiddleware',
 'scrapy.downloadermiddlewares.cookies.CookiesMiddleware',
 'scrapy.downloadermiddlewares.httpproxy.HttpProxyMiddleware',
 'scrapy.downloadermiddlewares.stats.DownloaderStats']
2025-05-05 10:13:23,306 [INFO] Enabled spider middlewares:
['scrapy.spidermiddlewares.httperror.HttpErrorMiddleware',
 'scrapy.spidermiddlewares.offsite.OffsiteMiddleware',
 'scrapy.spidermiddlewares.referer.RefererMiddleware',
 'scrapy.spidermiddlewares.urllength.UrlLengthMiddleware',
 'scrapy.spidermiddlewares.depth.DepthMiddleware']
2025-05-05 10:13:23,307 [INFO] Enabled item pipelines:
['crawler.pipelines.DuplicatesPipeline', 'crawler.pipelines.OutputPipeline']
2025-05-05 10:13:23,308 [INFO] Spider opened
2025-05-05 10:13:23,309 [INFO] Crawled 0 pages (at 0 pages/min), scraped 0 items (at 0 items/min)
2025-05-05 10:13:23,311 [INFO] Telnet console listening on 127.0.0.1:6025
2025-05-05 10:13:23,311 [INFO] Adding crawler for domain: westside.com
2025-05-05 10:13:23,315 [INFO] Overridden settings:
{}
2025-05-05 10:13:23,316 [INFO] Telnet Password: e0010cc3d0390d26
2025-05-05 10:13:23,318 [INFO] Enabled extensions:
['scrapy.extensions.corestats.CoreStats',
 'scrapy.extensions.telnet.TelnetConsole',
 'scrapy.extensions.logstats.LogStats']
2025-05-05 10:13:23,321 [INFO] Enabled downloader middlewares:
['scrapy.downloadermiddlewares.httpauth.HttpAuthMiddleware',
 'scrapy.downloadermiddlewares.downloadtimeout.DownloadTimeoutMiddleware',
 'scrapy.downloadermiddlewares.defaultheaders.DefaultHeadersMiddleware',
 'scrapy.downloadermiddlewares.useragent.UserAgentMiddleware',
 'scrapy.downloadermiddlewares.retry.RetryMiddleware',
 'scrapy.downloadermiddlewares.redirect.MetaRefreshMiddleware',
 'scrapy.downloadermiddlewares.httpcompression.HttpCompressionMiddleware',
 'scrapy.downloadermiddlewares.redirect.RedirectMiddleware',
 'scrapy.downloadermiddlewares.cookies.CookiesMiddleware',
 'scrapy.downloadermiddlewares.httpproxy.HttpProxyMiddleware',
 'scrapy.downloadermiddlewares.stats.DownloaderStats']
2025-05-05 10:13:23,322 [INFO] Enabled spider middlewares:
['scrapy.spidermiddlewares.httperror.HttpErrorMiddleware',
 'scrapy.spidermiddlewares.offsite.OffsiteMiddleware',
 'scrapy.spidermiddlewares.referer.RefererMiddleware',
 'scrapy.spidermiddlewares.urllength.UrlLengthMiddleware',
 'scrapy.spidermiddlewares.depth.DepthMiddleware']
2025-05-05 10:13:23,323 [INFO] Enabled item pipelines:
['crawler.pipelines.DuplicatesPipeline', 'crawler.pipelines.OutputPipeline']
2025-05-05 10:13:23,323 [INFO] Spider opened
2025-05-05 10:13:23,325 [INFO] Crawled 0 pages (at 0 pages/min), scraped 0 items (at 0 items/min)
2025-05-05 10:13:23,328 [INFO] Telnet console listening on 127.0.0.1:6026
2025-05-05 10:13:23,328 [ERROR] Error during crawl: 'SelectReactor' object has no attribute '_handleSignals'
2025-05-05 10:13:23,329 [INFO] Crawl process complete!
