2025-05-05 16:18:39,694 [INFO] Starting crawl process for 3 domains...
2025-05-05 16:18:39,695 [INFO] Starting crawl for domain: virgio.com
2025-05-05 16:18:39,695 [INFO] Start URLs: ['https://www.virgio.com/']
2025-05-05 16:18:40,209 [INFO] Successfully fetched https://www.virgio.com/
2025-05-05 16:18:41,650 [INFO] Successfully fetched https://www.virgio.com/collections/all
2025-05-05 16:18:43,429 [INFO] Successfully fetched https://www.virgio.com/irl
2025-05-05 16:18:44,600 [INFO] Successfully fetched https://www.virgio.com/know-your-size
2025-05-05 16:18:46,214 [INFO] Successfully fetched https://www.virgio.com/sustainability
2025-05-05 16:18:47,169 [INFO] Successfully fetched https://www.virgio.com/collections/virgio-x-iifa
2025-05-05 16:18:48,285 [INFO] Successfully fetched https://www.virgio.com/press-articles
2025-05-05 16:18:49,786 [INFO] Successfully fetched https://www.virgio.com/pages/ambassador-program
2025-05-05 16:18:51,293 [INFO] Successfully fetched https://www.virgio.com/stores
2025-05-05 16:18:52,398 [INFO] Successfully fetched https://www.virgio.com/pages/refund-policy
2025-05-05 16:18:53,483 [INFO] Successfully fetched https://www.virgio.com/pages/user-policy
2025-05-05 16:18:54,916 [INFO] Successfully fetched https://www.virgio.com/collections/dresses-date
2025-05-05 16:18:56,318 [INFO] Successfully fetched https://www.virgio.com/collections/cotton
2025-05-05 16:19:02,364 [INFO] Successfully fetched https://www.virgio.com/collections/co-ords-date
2025-05-05 16:19:02,900 [INFO] Found product URL: https://www.virgio.com/products/veronicas-chic-cotton-co-ords
2025-05-05 16:19:04,884 [INFO] Successfully fetched https://www.virgio.com/products/veronicas-chic-cotton-co-ords
2025-05-05 16:19:05,435 [INFO] Found product URL: https://www.virgio.com/products/date-chic-red-solid-co-ords
2025-05-05 16:19:06,619 [INFO] Successfully fetched https://www.virgio.com/products/date-chic-red-solid-co-ords
2025-05-05 16:19:07,699 [WARNING] Failed to fetch https://www.virgio.com/collections/bottomwear-date: HTTP 404
2025-05-05 16:19:07,700 [INFO] Found product URL: https://www.virgio.com/products/date-breezy-black-relaxed-trousers
2025-05-05 16:19:09,098 [INFO] Successfully fetched https://www.virgio.com/products/date-breezy-black-relaxed-trousers
2025-05-05 16:19:09,661 [INFO] Found product URL: https://www.virgio.com/products/date-comfy-beige-relaxed-trousers
2025-05-05 16:19:10,909 [INFO] Successfully fetched https://www.virgio.com/products/date-comfy-beige-relaxed-trousers
2025-05-05 16:19:11,447 [INFO] Found product URL: https://www.virgio.com/products/veronicas-retro-cotton-pleated-skirt
2025-05-05 16:19:13,554 [INFO] Successfully fetched https://www.virgio.com/products/veronicas-retro-cotton-pleated-skirt
2025-05-05 16:19:14,085 [INFO] Found product URL: https://www.virgio.com/products/veronicas-playful-cotton-checked-skirt
2025-05-05 16:19:15,529 [INFO] Successfully fetched https://www.virgio.com/products/veronicas-playful-cotton-checked-skirt
2025-05-05 16:19:16,086 [INFO] Found product URL: https://www.virgio.com/products/gothic-boheme-hit2-lace-insert-flared-maxi-dress
2025-05-05 16:19:17,503 [INFO] Successfully fetched https://www.virgio.com/products/gothic-boheme-hit2-lace-insert-flared-maxi-dress
2025-05-05 16:19:18,031 [INFO] Found product URL: https://www.virgio.com/products/gothic-boheme-hit2-fit-flare-lace-maxi-dress
2025-05-05 16:19:20,210 [INFO] Successfully fetched https://www.virgio.com/products/gothic-boheme-hit2-fit-flare-lace-maxi-dress
2025-05-05 16:19:20,745 [INFO] Found product URL: https://www.virgio.com/products/gothic-boheme-hit2-ruffled-wrap-maxi-skirt
2025-05-05 16:19:22,181 [INFO] Successfully fetched https://www.virgio.com/products/gothic-boheme-hit2-ruffled-wrap-maxi-skirt
2025-05-05 16:19:22,768 [INFO] Found product URL: https://www.virgio.com/products/academic-hit3-grey-knitted-corset-t-shirt
2025-05-05 16:19:22,769 [INFO] Reached maximum number of products (10)
2025-05-05 16:19:22,770 [INFO] Crawling complete for virgio.com
2025-05-05 16:19:22,771 [INFO] Found 10 product URLs
2025-05-05 16:19:22,774 [INFO] Results saved to output\virgio_com_20250505_161922.json
2025-05-05 16:19:22,778 [INFO] Starting crawl for domain: nykaafashion.com
2025-05-05 16:19:22,779 [INFO] Start URLs: ['https://nykaafashion.com/']
2025-05-05 16:19:23,071 [INFO] Successfully fetched https://nykaafashion.com/
2025-05-05 16:19:23,836 [INFO] Successfully fetched https://nykaafashion.com/?ptype=homepage
2025-05-05 16:19:24,830 [INFO] Successfully fetched https://nykaafashion.com/women/c/6557?root=topnav_1
2025-05-05 16:19:25,950 [INFO] Successfully fetched https://nykaafashion.com/men/c/6823?root=topnav_1
2025-05-05 16:19:27,053 [INFO] Successfully fetched https://nykaafashion.com/kids/c/6266?root=topnav_1
2025-05-05 16:19:28,366 [INFO] Successfully fetched https://nykaafashion.com/home/c/8528?root=topnav_1
2025-05-05 16:19:29,222 [INFO] Successfully fetched https://nykaafashion.com/all-brands?root=topnav_1
2025-05-05 16:19:30,315 [INFO] Successfully fetched https://nykaafashion.com/lp/luxe?pageType=nf-luxe&pageVariation=1&root=topnav_1,more,1
2025-05-05 16:19:31,809 [INFO] Successfully fetched https://nykaafashion.com/lp/hidden-gems?pageType=nf-hidden-gems&root=topnav_1,more,2
2025-05-05 16:19:33,329 [INFO] Successfully fetched https://nykaafashion.com/lp/global-store?pageType=nf-global-store&pageVariation=1&root=topnav_1,more,3
2025-05-05 16:19:34,386 [INFO] Successfully fetched https://nykaafashion.com/lp/revolve?pageType=nf-revolve&root=topnav_1,more,4
2025-05-05 16:19:35,642 [INFO] Successfully fetched https://nykaafashion.com/lp/fit-zone?pageType=nf-fit-zone&root=topnav_1,more,5
2025-05-05 16:19:36,481 [INFO] Successfully fetched https://www.nykaafashion.com/spring-summer-2025/c/74296?transaction_id=e6a0aee6f252e5a9a6f04e01afad2e32
2025-05-05 16:19:37,374 [INFO] Successfully fetched https://www.nykaafashion.com/lp/indianwear?pageType=nf-indianwear&transaction_id=719ee44129d4647dd209349870c6b69b
2025-05-05 16:19:38,501 [INFO] Successfully fetched https://www.nykaafashion.com/lp/westernwear?pageType=nf-westernwear&transaction_id=f1d873c5c41fdd746ccf8155b6f5bd4a
2025-05-05 16:19:39,451 [INFO] Successfully fetched https://www.nykaafashion.com/lp/men?pageType=nf-men&pageVariation=1&transaction_id=a05fd13ba07398f2ce68dc02c9e624f2
2025-05-05 16:19:40,428 [INFO] Successfully fetched https://www.nykaafashion.com/lp/footwear?pageType=nf-footwear&transaction_id=7be207c5cdec5cf278c585f83ea1e6b5
2025-05-05 16:19:41,471 [INFO] Successfully fetched https://www.nykaafashion.com/lp/lingerie?pageType=nf-lingerie&transaction_id=bff38700a681a7af7201861a91fb1a02
2025-05-05 16:19:42,814 [INFO] Successfully fetched https://www.nykaafashion.com/lp/jewellery?pageType=nf-jewellery&transaction_id=50c77ac799778ba4cb96756677ff9bf4
2025-05-05 16:19:43,897 [INFO] Successfully fetched https://www.nykaafashion.com/lp/bags?pageType=nf-bags&transaction_id=25c6df4b58afabca2f48029bacab403b
2025-05-05 16:19:44,806 [INFO] Successfully fetched https://www.nykaafashion.com/lp/kids?pageType=nf-kids&pageVariation=1&transaction_id=a0061382900363448bfa207dfc580277
2025-05-05 16:19:45,799 [INFO] Successfully fetched https://www.nykaafashion.com/lp/home?pageType=nf-homepage-home&pageVariation=1&transaction_id=e01a2fa9d0ea240676b92fa2ace5fffe
2025-05-05 16:19:47,261 [INFO] Successfully fetched https://www.nykaafashion.com/lp/athleisure?pageType=nf-athleisure&transaction_id=0285e32b5da0cd665acdb1f98d3b4d24
2025-05-05 16:19:48,316 [INFO] Successfully fetched https://www.nykaafashion.com/women/westernwear/dresses/c/5?f=pattern_filter%3D980_%3Boccasion_filter%3D1155_175_31760_&transaction_id=5469cc94e86d9b8286cd93458c146416
2025-05-05 16:19:49,568 [INFO] Successfully fetched https://www.nykaafashion.com/women/indianwear/salwar-suits-and-sets/c/69?f=salwar_suits_sets_type_filter%3D3628_%3Bmaterial_filter%3D161_%3Boccasion_filter%3D1155_175_&transaction_id=807413566c55483032887249d4262040
2025-05-05 16:19:50,521 [INFO] Successfully fetched https://www.nykaafashion.com/nykaa/c/2?f=category_filter%3D6264_6835_%3Bcolor_filter%3D16_19_%3Bfit_filter%3D194_197_339_&transaction_id=0ce2763adc46ab1513ad8fcab5cddd7f
2025-05-05 16:19:51,491 [INFO] Successfully fetched https://www.nykaafashion.com/women/westernwear/c/3?f=category_filter%3D4497_%3Bshirts_tops_and_crop_tops_type_filter%3D1768_&transaction_id=070497e0654b31c23700dd21a9d3dbd6
2025-05-05 16:19:52,691 [INFO] Successfully fetched https://www.nykaafashion.com/women/bags/c/89?f=sort%3Dpopularity%3Bcategory_filter%3D669_&transaction_id=386ce7d70bbc1fbe1b91adcb9022bcf5
2025-05-05 16:19:53,704 [INFO] Successfully fetched https://www.nykaafashion.com/women/lingerie/bra/c/3947?f=category_filter%3D3960_3956_3957_7076_&transaction_id=ce58b0e1cc81f68b616f9995a08572d5
2025-05-05 16:19:54,643 [INFO] Successfully fetched https://www.nykaafashion.com/women/indianwear/sarees/c/10?f=material_filter%3D161_&transaction_id=e06fc2346759d9633145ce4312a3f4eb
2025-05-05 16:19:55,569 [INFO] Successfully fetched https://www.nykaafashion.com/women/footwear/flats/c/3521?f=type_fw_filter%3D9741_9742_9743_9746_&transaction_id=97a7ae392fb12df28df52364fc8b54df
2025-05-05 16:19:56,590 [INFO] Successfully fetched https://www.nykaafashion.com/women/c/2?f=category_filter%3D6826_7623_%3Bpattern_filter%3D119_&transaction_id=f5f61ee54e4a3ab0a0e9f2e8c03eeff5
2025-05-05 16:19:57,525 [INFO] Successfully fetched https://www.nykaafashion.com/women/footwear/flats/c/3521?f=type_fw_filter%3D9741_9742_9743_9746_&transaction_id=9e72930f3e02bf97884d3774667922ab
2025-05-05 16:19:58,498 [INFO] Successfully fetched https://www.nykaafashion.com/lp/global-store?pageType=nf-global-store&pageVariation=1&transaction_id=242fc8db005bba5831a66e3211547b5f
2025-05-05 16:19:59,699 [INFO] Successfully fetched https://www.nykaafashion.com/lp/house-of-nykaa?pageType=nf-house-of-nykaa&transaction_id=9c1e2af65101eafad9f6164a7c1c12b7
2025-05-05 16:20:00,697 [INFO] Successfully fetched https://www.nykaafashion.com/lp/revolve?pageType=nf-revolve&transaction_id=74f3fbcc5de0f218061a7bdab5a6dae2
2025-05-05 16:20:01,916 [INFO] Successfully fetched https://www.nykaafashion.com/lp/footlocker?pageType=nf-footlocker&transaction_id=bb8f202f40378619ba2877c722e236c1
2025-05-05 16:20:03,050 [INFO] Successfully fetched https://nykaafashion.com/gadgets-tech-accessories/cameras-and-accessories/c/7679
2025-05-05 16:20:03,923 [INFO] Successfully fetched https://nykaafashion.com/fossil-smart-watches/c/9076
2025-05-05 16:20:04,971 [INFO] Successfully fetched https://nykaafashion.com/designers/fitbit/c/7074
2025-05-05 16:20:06,010 [INFO] Successfully fetched https://nykaafashion.com/designers/pebble/c/8309
2025-05-05 16:20:07,169 [INFO] Successfully fetched https://nykaafashion.com/fitness-trackers/c/8926
2025-05-05 16:20:08,100 [INFO] Successfully fetched https://nykaafashion.com/gadgets-tech-accessories/cases-and-covers/c/6402
2025-05-05 16:20:09,162 [INFO] Successfully fetched https://nykaafashion.com/men/bags/laptop-bags/c/6869
2025-05-05 16:20:10,424 [INFO] Successfully fetched https://nykaafashion.com/chumbak/c/7739
2025-05-05 16:20:11,973 [INFO] Successfully fetched https://nykaafashion.com/designers/macmerise/c/6426
2025-05-05 16:20:13,254 [INFO] Successfully fetched https://nykaafashion.com/designers/mvyno/c/9047
2025-05-05 16:20:14,342 [INFO] Successfully fetched https://nykaafashion.com/gadgets-tech-accessories/speakers/c/6396
2025-05-05 16:20:15,430 [INFO] Successfully fetched https://nykaafashion.com/designers/jbl/c/6529
2025-05-05 16:20:16,460 [INFO] Successfully fetched https://nykaafashion.com/designers/boat/c/6421
2025-05-05 16:20:17,431 [INFO] Successfully fetched https://nykaafashion.com/designers/portronics/c/6667
2025-05-05 16:20:18,483 [INFO] Successfully fetched https://nykaafashion.com/designers/fingers/c/9042
2025-05-05 16:20:19,417 [INFO] Successfully fetched https://nykaafashion.com/gadgets-tech-accessories/headphones/c/6395
2025-05-05 16:20:20,339 [INFO] Successfully fetched https://nykaafashion.com/bluetooth-earphones-headphones/c/6771
2025-05-05 16:20:21,257 [INFO] Successfully fetched https://nykaafashion.com/true-wireless/c/6770
2025-05-05 16:20:22,130 [INFO] Successfully fetched https://nykaafashion.com/designers/boult-audio/c/6425
2025-05-05 16:20:23,053 [INFO] Successfully fetched https://nykaafashion.com/designers/skullcandy/c/6418
2025-05-05 16:20:23,946 [INFO] Successfully fetched https://nykaafashion.com/designers/hammer/c/6628
2025-05-05 16:20:25,107 [INFO] Successfully fetched https://nykaafashion.com/home/beddings/bedsheets/c/8531
2025-05-05 16:20:26,452 [INFO] Successfully fetched https://nykaafashion.com/home/decor/photo-frames/c/8611
2025-05-05 16:20:27,525 [INFO] Successfully fetched https://nykaafashion.com/home/decor/wall-decor/mirrors/c/8599
2025-05-05 16:20:28,559 [INFO] Successfully fetched https://nykaafashion.com/planters/c/8657
2025-05-05 16:20:29,691 [INFO] Successfully fetched https://nykaafashion.com/curtains/c/8688
2025-05-05 16:20:30,760 [INFO] Successfully fetched https://nykaafashion.com/home/beddings/quilts-blankets-dohars/blanket/c/8536
2025-05-05 16:20:31,922 [INFO] Successfully fetched https://nykaafashion.com/home/beddings/fillers-protectors/pillow/c/8548
2025-05-05 16:20:33,088 [INFO] Successfully fetched https://nykaafashion.com/home/decor/floor-coverings/rugs-and-carpets/c/8683
2025-05-05 16:20:34,283 [INFO] Successfully fetched https://nykaafashion.com/home/decor/lighting/table-lamp/c/8632
2025-05-05 16:20:35,247 [INFO] Successfully fetched https://nykaafashion.com/home/decor/wall-decor/c/8596
2025-05-05 16:20:36,294 [INFO] Successfully fetched https://nykaafashion.com/exclusivelane/c/6491
2025-05-05 16:20:37,239 [INFO] Successfully fetched https://nykaafashion.com/the-artment/c/10454
2025-05-05 16:20:38,191 [INFO] Successfully fetched https://nykaafashion.com/designers/hometown/c/11593
2025-05-05 16:20:39,141 [INFO] Successfully fetched https://nykaafashion.com/ellementry/c/9177
2025-05-05 16:20:40,131 [INFO] Successfully fetched https://nykaafashion.com/the-decor-remedy/c/9171
2025-05-05 16:20:41,243 [INFO] Successfully fetched https://nykaafashion.com/home/beddings/pillow-covers/c/8557
2025-05-05 16:20:43,982 [INFO] Successfully fetched https://nykaafashion.com/home/beddings/cushions-cushion-covers/cushion-covers/c/8533
2025-05-05 16:20:44,991 [INFO] Successfully fetched https://nykaafashion.com/designers/ddecor-live-beautiful/c/9175
2025-05-05 16:20:46,239 [INFO] Successfully fetched https://nykaafashion.com/designers/spaces/c/9781
2025-05-05 16:20:47,372 [INFO] Successfully fetched https://nykaafashion.com/maspar/c/9158
2025-05-05 16:20:48,390 [INFO] Successfully fetched https://nykaafashion.com/swayam/c/9174
2025-05-05 16:20:49,466 [INFO] Successfully fetched https://nykaafashion.com/designers/dreams/c/9834
2025-05-05 16:20:50,617 [INFO] Successfully fetched https://nykaafashion.com/pure-home-+-living/c/9543
2025-05-05 16:20:51,491 [INFO] Successfully fetched https://nykaafashion.com/home/kitchen-dining/c/8707
2025-05-05 16:20:52,550 [INFO] Successfully fetched https://nykaafashion.com/home/kitchen-dining/dinnerware/c/8721
2025-05-05 16:20:53,567 [INFO] Successfully fetched https://nykaafashion.com/serveware/c/8708
2025-05-05 16:20:54,459 [INFO] Successfully fetched https://nykaafashion.com/home/kitchen-dining/cutlery/c/8742
2025-05-05 16:20:55,436 [INFO] Successfully fetched https://nykaafashion.com/home/kitchen-dining/table-accessories/c/8732
2025-05-05 16:20:56,575 [INFO] Successfully fetched https://nykaafashion.com/home/kitchen-dining/lunch-essentials/c/8805
2025-05-05 16:20:57,727 [INFO] Successfully fetched https://nykaafashion.com/home/appliances/c/8800
2025-05-05 16:20:58,707 [INFO] Successfully fetched https://nykaafashion.com/wonderchef/c/9268
2025-05-05 16:20:59,623 [INFO] Successfully fetched https://nykaafashion.com/designers/nestasia/c/12244
2025-05-05 16:21:00,579 [INFO] Successfully fetched https://nykaafashion.com/luxe/c/6800
2025-05-05 16:21:01,582 [INFO] Successfully fetched https://nykaafashion.com/designers/urvashi-kaur/c/147
2025-05-05 16:21:02,848 [INFO] Successfully fetched https://nykaafashion.com/designers/echke/c/11017
2025-05-05 16:21:03,918 [INFO] Successfully fetched https://nykaafashion.com/designers/zeppelin/c/7798
2025-05-05 16:21:04,956 [INFO] Successfully fetched https://nykaafashion.com/designers/label-ritu-kumar/c/743
2025-05-05 16:21:06,057 [INFO] Successfully fetched https://nykaafashion.com/designers/first-resort-by-ramola-bachchan/c/9277
2025-05-05 16:21:06,982 [INFO] Successfully fetched https://nykaafashion.com/designers/khara-kapas/c/2173
2025-05-05 16:21:07,985 [INFO] Successfully fetched https://nykaafashion.com/designers/stokke/c/12047
2025-05-05 16:21:09,192 [INFO] Successfully fetched https://nykaafashion.com/designers/little-luxury/c/9666
2025-05-05 16:21:10,185 [INFO] Successfully fetched https://nykaafashion.com/designers/ps-kids-by-payal-singhal/c/8527
2025-05-05 16:21:11,291 [INFO] Successfully fetched https://nykaafashion.com/hidden-gems/c/7266
2025-05-05 16:21:12,508 [INFO] Successfully fetched https://nykaafashion.com/designers/label-shaurya-sanadhya/c/9200
2025-05-05 16:21:13,469 [INFO] Successfully fetched https://nykaafashion.com/designers/nuhh/c/6440
2025-05-05 16:21:14,452 [INFO] Successfully fetched https://nykaafashion.com/designers/rozana-jaipur/c/13153
2025-05-05 16:21:15,420 [INFO] Successfully fetched https://nykaafashion.com/designers/swtantra/c/9571
2025-05-05 16:21:16,306 [INFO] Successfully fetched https://nykaafashion.com/designers/baise-gaba/c/4481
2025-05-05 16:21:17,438 [INFO] Successfully fetched https://nykaafashion.com/designers/gulabo-jaipur/c/7287
2025-05-05 16:21:18,516 [INFO] Successfully fetched https://nykaafashion.com/formal-dresses/c/4708
2025-05-05 16:21:19,685 [INFO] Successfully fetched https://nykaafashion.com/semi-formal-dresses/c/4867
2025-05-05 16:21:20,980 [INFO] Successfully fetched https://nykaafashion.com/designers/masaba/c/138
2025-05-05 16:21:22,372 [INFO] Successfully fetched https://nykaafashion.com/lp/sustainable-edit
2025-05-05 16:21:23,332 [INFO] Successfully fetched https://nykaafashion.com/designers/diwaah/c/7962
2025-05-05 16:21:24,190 [INFO] Successfully fetched https://nykaafashion.com/designers/kicks-and-crawl/c/7865
2025-05-05 16:21:25,517 [INFO] Successfully fetched https://nykaafashion.com/designers/cavallo-by-linen-club/c/8249
2025-05-05 16:21:26,584 [INFO] Successfully fetched https://nykaafashion.com/designers/charukriti/c/5413
2025-05-05 16:21:27,563 [INFO] Successfully fetched https://nykaafashion.com/designers/ed-a-mamma/c/10989
2025-05-05 16:21:28,424 [INFO] Successfully fetched https://nykaafashion.com/designers/monk-mei/c/9854
2025-05-05 16:21:29,288 [INFO] Successfully fetched https://nykaafashion.com/designers/paio/c/4341
2025-05-05 16:21:30,198 [INFO] Successfully fetched https://nykaafashion.com/lp/careers
2025-05-05 16:21:31,032 [INFO] Successfully fetched https://nykaafashion.com/lp/shipping-and-return-policy
2025-05-05 16:21:31,833 [INFO] Successfully fetched https://nykaafashion.com/lp/responsible-disclosure
2025-05-05 16:21:32,686 [INFO] Successfully fetched https://nykaafashion.com/cp/sellonnykaa
2025-05-05 16:21:33,607 [INFO] Successfully fetched https://nykaafashion.com/offer.html?root=nav_1&ptype=sale_page
2025-05-05 16:21:34,505 [INFO] Successfully fetched https://nykaafashion.com/style-files/
2025-05-05 16:21:35,381 [INFO] Successfully fetched https://nykaafashion.com/women/indianwear/c/4
2025-05-05 16:21:36,485 [INFO] Successfully fetched https://nykaafashion.com/women/westernwear/c/3
2025-05-05 16:21:37,579 [INFO] Successfully fetched https://nykaafashion.com/women/bags/c/89
2025-05-05 16:21:38,616 [INFO] Successfully fetched https://nykaafashion.com/women/footwear/c/3528
2025-05-05 16:21:39,591 [INFO] Successfully fetched https://nykaafashion.com/women/jewellery/c/77
2025-05-05 16:21:41,176 [INFO] Successfully fetched https://nykaafashion.com/women/lingerie/c/3946
2025-05-05 16:21:42,158 [INFO] Successfully fetched https://nykaafashion.com/women/sportswear/c/4015
2025-05-05 16:21:43,589 [INFO] Successfully fetched https://nykaafashion.com/women/lingerie/sleepwear/c/3986
2025-05-05 16:21:44,600 [INFO] Successfully fetched https://nykaafashion.com/women/accessories/watches/c/4641
2025-05-05 16:21:45,517 [INFO] Successfully fetched https://nykaafashion.com/women/accessories/c/104
2025-05-05 16:21:46,535 [INFO] Successfully fetched https://nykaafashion.com/men/topwear/c/6824
2025-05-05 16:21:47,876 [INFO] Successfully fetched https://nykaafashion.com/men/bottoms/c/6834
2025-05-05 16:21:48,943 [INFO] Successfully fetched https://nykaafashion.com/men/ethnicwear/c/6841
2025-05-05 16:21:50,138 [INFO] Successfully fetched https://nykaafashion.com/men/footwear/c/6857
2025-05-05 16:21:51,238 [INFO] Successfully fetched https://nykaafashion.com/men/personal-accessories/c/6879
2025-05-05 16:21:52,224 [INFO] Successfully fetched https://nykaafashion.com/men/innerwear-sleepwear/c/6850
2025-05-05 16:21:53,213 [INFO] Successfully fetched https://nykaafashion.com/men/watches/c/6875
2025-05-05 16:21:56,164 [INFO] Successfully fetched https://nykaafashion.com/men/bags/c/6867
2025-05-05 16:21:56,997 [INFO] Successfully fetched https://nykaafashion.com/men/sports-and-athleisure/c/6888
2025-05-05 16:21:57,951 [INFO] Successfully fetched https://nykaafashion.com/sports-fitness-equipment/c/11219
2025-05-05 16:21:59,011 [INFO] Successfully fetched https://nykaafashion.com/kids/indianwear/c/6267
2025-05-05 16:22:00,052 [INFO] Successfully fetched https://nykaafashion.com/kids/westernwear/c/6282
2025-05-05 16:22:01,259 [INFO] Successfully fetched https://nykaafashion.com/kids/footwear/c/6333
2025-05-05 16:22:02,289 [INFO] Successfully fetched https://nykaafashion.com/kids/accessories/jewelry/c/6348
2025-05-05 16:22:03,456 [INFO] Successfully fetched https://nykaafashion.com/kids/feeding/c/6351
2025-05-05 16:22:04,690 [INFO] Successfully fetched https://nykaafashion.com/kids/sportswear/c/6298
2025-05-05 16:22:05,763 [INFO] Successfully fetched https://nykaafashion.com/kids/sleepwear/c/6372
2025-05-05 16:22:06,848 [INFO] Successfully fetched https://nykaafashion.com/kids/accessories/c/6343
2025-05-05 16:22:08,199 [INFO] Successfully fetched https://nykaafashion.com/kids/toys-and-games/c/6382
2025-05-05 16:22:09,136 [INFO] Successfully fetched https://nykaafashion.com/kids/innerwear/c/6329
2025-05-05 16:22:10,032 [INFO] Successfully fetched https://nykaafashion.com/luxe-indian-wear/c/12039
2025-05-05 16:22:11,265 [INFO] Successfully fetched https://nykaafashion.com/luxe-western-wear/c/12038
2025-05-05 16:22:12,343 [INFO] Successfully fetched https://nykaafashion.com/luxe-footwear/c/12041
2025-05-05 16:22:13,307 [INFO] Successfully fetched https://nykaafashion.com/luxe-bags/c/12042
2025-05-05 16:22:14,177 [INFO] Successfully fetched https://nykaafashion.com/luxe-accessories/c/12043
2025-05-05 16:22:15,122 [INFO] Successfully fetched https://nykaafashion.com/luxe-watches/c/12200
2025-05-05 16:22:16,147 [INFO] Successfully fetched https://nykaafashion.com/luxe-home-edit/c/12045
2025-05-05 16:22:17,192 [INFO] Successfully fetched https://nykaafashion.com/luxe-jewellery/c/12040
2025-05-05 16:22:18,141 [INFO] Successfully fetched https://nykaafashion.com/luxe-summer-collection/c/12114
2025-05-05 16:22:21,031 [INFO] Successfully fetched https://nykaafashion.com/fluid-flowing-luxe/c/6002
2025-05-05 16:22:21,966 [INFO] Successfully fetched https://nykaafashion.com/designers/puma/c/4886
2025-05-05 16:22:22,839 [INFO] Successfully fetched https://nykaafashion.com/designers/vero-moda/c/4188
2025-05-05 16:22:23,823 [INFO] Successfully fetched https://nykaafashion.com/designers/w/c/4038
2025-05-05 16:22:24,988 [INFO] Successfully fetched https://nykaafashion.com/designers/biba/c/5274
2025-05-05 16:22:25,883 [INFO] Successfully fetched https://nykaafashion.com/designers/forever-new/c/4495
2025-05-05 16:22:26,774 [INFO] Successfully fetched https://nykaafashion.com/designers/skechers/c/6477
2025-05-05 16:22:27,706 [INFO] Successfully fetched https://nykaafashion.com/designers/fablestreet/c/1970
2025-05-05 16:22:28,761 [INFO] Successfully fetched https://nykaafashion.com/designers/only/c/4189
2025-05-05 16:22:29,787 [INFO] Successfully fetched https://nykaafashion.com/designers/autumnlane/c/12071
2025-05-05 16:22:30,918 [INFO] Successfully fetched https://nykaafashion.com/designers/cider/c/15204
2025-05-05 16:22:31,863 [INFO] Successfully fetched https://nykaafashion.com/designers/accessorize-london/c/6748
2025-05-05 16:22:33,045 [INFO] Successfully fetched https://nykaafashion.com/twenty-dresses-by-nykaa-fashion/c/4240
2025-05-05 16:22:34,069 [INFO] Successfully fetched https://nykaafashion.com/designers/nykd-by-nykaa/c/7059
2025-05-05 16:22:35,323 [INFO] Successfully fetched https://nykaafashion.com/designers/rsvp/c/4706
2025-05-05 16:22:36,569 [INFO] Successfully fetched https://nykaafashion.com/designers/gajra-gang/c/10009
2025-05-05 16:22:37,798 [INFO] Successfully fetched https://nykaafashion.com/designers/likha/c/11935
2025-05-05 16:22:38,736 [INFO] Successfully fetched https://nykaafashion.com/designers/mixt-by-nykaa-fashion/c/15963
2025-05-05 16:22:39,626 [INFO] Successfully fetched https://nykaafashion.com/designers/iykyk-by-nykaa-fashion/c/11495
2025-05-05 16:22:40,743 [INFO] Successfully fetched https://nykaafashion.com/designers/kica/c/4629
2025-05-05 16:22:41,623 [INFO] Successfully fetched https://nykaafashion.com/designers/pipa-bella-by-nykaa-fashion/c/3771
2025-05-05 16:22:42,833 [INFO] Successfully fetched https://nykaafashion.com/designers/azai-jewellery-by-nykaa-fashion/c/13718
2025-05-05 16:22:43,890 [INFO] Successfully fetched https://nykaafashion.com/designers/twig-twine/c/12291
2025-05-05 16:22:44,793 [INFO] Successfully fetched https://nykaafashion.com/designers/gloot/c/13564
2025-05-05 16:22:45,811 [INFO] Successfully fetched https://nykaafashion.com/designers/nyri/c/14963
2025-05-05 16:22:46,436 [INFO] Found product URL: https://nykaafashion.com/mabish-by-sonal-jain-pink-crop-top-with-draped-skirt-and-cape-set-of-3/p/18431713
2025-05-05 16:22:46,735 [INFO] Successfully fetched https://nykaafashion.com/mabish-by-sonal-jain-pink-crop-top-with-draped-skirt-and-cape-set-of-3/p/18431713
2025-05-05 16:22:47,297 [INFO] Found product URL: https://nykaafashion.com/athena-women-pink-floral-printed-a-line-dress/p/16467137
2025-05-05 16:22:47,773 [INFO] Successfully fetched https://nykaafashion.com/athena-women-pink-floral-printed-a-line-dress/p/16467137
2025-05-05 16:22:48,369 [INFO] Found product URL: https://nykaafashion.com/styli-three-fourth-sleeve-schiffli-shirt-midi-dress/p/12008785
2025-05-05 16:22:48,551 [INFO] Successfully fetched https://nykaafashion.com/styli-three-fourth-sleeve-schiffli-shirt-midi-dress/p/12008785
2025-05-05 16:22:49,133 [INFO] Found product URL: https://nykaafashion.com/lush-glam-sophisticated-embroidered-kurta-pant-with-dupatta-set-of-3/p/18410021
2025-05-05 16:22:49,566 [INFO] Successfully fetched https://nykaafashion.com/lush-glam-sophisticated-embroidered-kurta-pant-with-dupatta-set-of-3/p/18410021
2025-05-05 16:22:50,123 [INFO] Found product URL: https://nykaafashion.com/u-s-polo-assn-textured-slim-polo-t-shirt/p/12334500
2025-05-05 16:22:50,549 [INFO] Successfully fetched https://nykaafashion.com/u-s-polo-assn-textured-slim-polo-t-shirt/p/12334500
2025-05-05 16:22:51,123 [INFO] Found product URL: https://nykaafashion.com/cider-v-neck-ruched-solid-wide-leg-jumpsuit-curve-plus/p/17289240
2025-05-05 16:22:51,492 [INFO] Successfully fetched https://nykaafashion.com/cider-v-neck-ruched-solid-wide-leg-jumpsuit-curve-plus/p/17289240
2025-05-05 16:22:52,061 [INFO] Found product URL: https://nykaafashion.com/house-of-jamoti-pikes-spades-cotton-kurta-with-pant-and-inner-set-of-3/p/17677041
2025-05-05 16:22:52,491 [INFO] Successfully fetched https://nykaafashion.com/house-of-jamoti-pikes-spades-cotton-kurta-with-pant-and-inner-set-of-3/p/17677041
2025-05-05 16:22:53,057 [INFO] Found product URL: https://nykaafashion.com/gahan-cotton-blend-animal-printed-white-kaftan-style-co-ord-set-of-2/p/18523757
2025-05-05 16:22:53,680 [INFO] Successfully fetched https://nykaafashion.com/gahan-cotton-blend-animal-printed-white-kaftan-style-co-ord-set-of-2/p/18523757
2025-05-05 16:22:54,830 [INFO] Successfully fetched https://nykaafashion.com/women/c/6557?f=new_tags_filter%3Dglobalstore_%3Bbrand_filter%3D11212_12032_12160_13031_13251_13392_13394_13510_13968_15204_56864_63895_65709_67039_67040_67656_6797_71371_7622_%3Bcategory_filter%3D4497__&isFilteredUrl=true&ptype=TIPTILE
2025-05-05 16:22:55,428 [INFO] Found product URL: https://nykaafashion.com/kvs-fab-navy-blue-zari-sequence-a-line-kurta-with-trouser-dupatta-set-of-3/p/17411093
2025-05-05 16:22:55,881 [INFO] Successfully fetched https://nykaafashion.com/kvs-fab-navy-blue-zari-sequence-a-line-kurta-with-trouser-dupatta-set-of-3/p/17411093
2025-05-05 16:22:56,437 [INFO] Found product URL: https://nykaafashion.com/anjaneya-sarees-orange-woven-designer-cotton-silk-kanjivaram-saree-with-unstitched/p/18557143
2025-05-05 16:22:56,438 [INFO] Reached maximum number of products (10)
2025-05-05 16:22:56,439 [INFO] Crawling complete for nykaafashion.com
2025-05-05 16:22:56,439 [INFO] Found 10 product URLs
2025-05-05 16:22:56,443 [INFO] Results saved to output\nykaafashion_com_20250505_162256.json
2025-05-05 16:22:56,452 [INFO] Starting crawl for domain: westside.com
2025-05-05 16:22:56,453 [INFO] Start URLs: ['https://www.westside.com/']
2025-05-05 16:22:56,804 [INFO] Successfully fetched https://www.westside.com/
2025-05-05 16:22:58,872 [INFO] Successfully fetched https://www.westside.com/apps/iwish
2025-05-05 16:23:00,674 [INFO] Successfully fetched https://www.westside.com/collections/sale-womens-western-wear
2025-05-05 16:23:01,746 [INFO] Successfully fetched https://www.westside.com/collections/sale-woman-ethnic-wear
2025-05-05 16:23:04,017 [INFO] Successfully fetched https://www.westside.com/collections/sale-curvy-women
2025-05-05 16:23:05,157 [INFO] Successfully fetched https://www.westside.com/collections/sale-woman-lingerie
2025-05-05 16:23:07,163 [INFO] Successfully fetched https://www.westside.com/collections/sale-man
2025-05-05 16:23:09,029 [INFO] Successfully fetched https://www.westside.com/collections/sale-kids
2025-05-05 16:23:10,090 [INFO] Successfully fetched https://www.westside.com/collections/sale-womens-footwear
2025-05-05 16:23:12,267 [INFO] Successfully fetched https://www.westside.com/collections/sale-mens-footwear
2025-05-05 16:23:13,329 [INFO] Successfully fetched https://www.westside.com/collections/view-all-sale
2025-05-05 16:23:14,501 [INFO] Successfully fetched https://www.westside.com/collections/trending-now-western-wear-for-women
2025-05-05 16:23:16,455 [INFO] Successfully fetched https://www.westside.com/collections/new-in-western-wear-for-women
2025-05-05 16:23:17,563 [INFO] Successfully fetched https://www.westside.com/collections/view-all-western-wear-for-women
2025-05-05 16:23:20,890 [INFO] Successfully fetched https://www.westside.com/collections/dresses-jumpsuits
2025-05-05 16:23:22,049 [INFO] Successfully fetched https://www.westside.com/collections/blazer-and-jacket
2025-05-05 16:23:23,137 [INFO] Successfully fetched https://www.westside.com/collections/shirts-tops
2025-05-05 16:23:24,366 [INFO] Successfully fetched https://www.westside.com/collections/t-shirts-for-women
2025-05-05 16:23:25,466 [INFO] Successfully fetched https://www.westside.com/collections/jeans-western-wear-for-women
2025-05-05 16:23:26,671 [INFO] Successfully fetched https://www.westside.com/collections/trousers-joggers
2025-05-05 16:23:28,299 [INFO] Successfully fetched https://www.westside.com/collections/skirts-shorts
2025-05-05 16:23:29,524 [INFO] Successfully fetched https://www.westside.com/collections/trending-now-ethnic-wear-for-women
2025-05-05 16:23:31,354 [INFO] Successfully fetched https://www.westside.com/collections/new-in-ethnic-wear-for-women
2025-05-05 16:23:33,501 [INFO] Successfully fetched https://www.westside.com/collections/view-all-ethnic-wear-for-women
2025-05-05 16:23:34,658 [INFO] Successfully fetched https://www.westside.com/collections/ethnic-co-ord-sets-for-women
2025-05-05 16:23:35,856 [INFO] Successfully fetched https://www.westside.com/collections/kurtas-for-women
2025-05-05 16:23:36,984 [INFO] Successfully fetched https://www.westside.com/collections/ethnic-suits-for-women
2025-05-05 16:23:38,849 [INFO] Successfully fetched https://www.westside.com/collections/kurtis-tunics-for-women
2025-05-05 16:23:40,751 [INFO] Successfully fetched https://www.westside.com/collections/ethnic-dresses-for-women
2025-05-05 16:23:42,435 [INFO] Successfully fetched https://www.westside.com/collections/ethnic-tops-for-women
2025-05-05 16:23:44,104 [INFO] Successfully fetched https://www.westside.com/collections/palazzos-skirts-ethnic-wear-for-women
2025-05-05 16:23:46,017 [INFO] Successfully fetched https://www.westside.com/collections/salwars-pants-ethnic-wear-for-women
2025-05-05 16:23:47,586 [INFO] Successfully fetched https://www.westside.com/collections/dupattas-stoles-ethnic-wear-for-women
2025-05-05 16:23:49,863 [INFO] Successfully fetched https://www.westside.com/collections/trending-now-for-plus-size-women
2025-05-05 16:23:50,963 [INFO] Successfully fetched https://www.westside.com/collections/new-in-for-plus-size-women
2025-05-05 16:23:52,249 [INFO] Successfully fetched https://www.westside.com/collections/view-all-plus-size-for-women
2025-05-05 16:23:53,404 [INFO] Successfully fetched https://www.westside.com/collections/dresses-for-plus-size-women
2025-05-05 16:23:54,610 [INFO] Successfully fetched https://www.westside.com/collections/shirts-tops-1
2025-05-05 16:23:55,741 [INFO] Successfully fetched https://www.westside.com/collections/jackets-for-plus-size-women
2025-05-05 16:23:57,143 [INFO] Successfully fetched https://www.westside.com/collections/t-shirts-for-plus-size-women
2025-05-05 16:23:58,325 [INFO] Successfully fetched https://www.westside.com/collections/jeans-for-plus-size-women
2025-05-05 16:24:00,552 [INFO] Successfully fetched https://www.westside.com/collections/trousers-for-plus-size-women
2025-05-05 16:24:02,547 [INFO] Successfully fetched https://www.westside.com/collections/kurtas-for-plus-size-women
2025-05-05 16:24:04,444 [INFO] Successfully fetched https://www.westside.com/collections/kurtis-for-plus-size-women
2025-05-05 16:24:08,027 [INFO] Successfully fetched https://www.westside.com/collections/ethnic-wear-plus-size-palazzos-and-pants
2025-05-05 16:24:09,972 [INFO] Successfully fetched https://www.westside.com/collections/new-in-womens-footwear
2025-05-05 16:24:11,142 [INFO] Successfully fetched https://www.westside.com/collections/footwear-for-women
2025-05-05 16:24:12,238 [INFO] Successfully fetched https://www.westside.com/collections/flat-sandals-for-women
2025-05-05 16:24:13,354 [INFO] Successfully fetched https://www.westside.com/collections/comfort-sandals-for-women
2025-05-05 16:24:14,372 [INFO] Successfully fetched https://www.westside.com/collections/heeled-sandals-for-women
2025-05-05 16:24:15,476 [INFO] Successfully fetched https://www.westside.com/collections/flat-shoes-for-women
2025-05-05 16:24:16,750 [INFO] Successfully fetched https://www.westside.com/collections/woman-heeled-shoes
2025-05-05 16:24:19,224 [INFO] Successfully fetched https://www.westside.com/collections/sneakers-for-women
2025-05-05 16:24:20,986 [INFO] Successfully fetched https://www.westside.com/collections/flip-flops-for-women
2025-05-05 16:24:22,239 [INFO] Successfully fetched https://www.westside.com/collections/bags
2025-05-05 16:24:23,442 [INFO] Successfully fetched https://www.westside.com/collections/accessories
2025-05-05 16:24:24,606 [INFO] Successfully fetched https://www.westside.com/collections/perfumes-and-fragrances-for-women
2025-05-05 16:24:25,697 [INFO] Successfully fetched https://www.westside.com/collections/woman-beauty
2025-05-05 16:24:27,460 [INFO] Successfully fetched https://www.westside.com/collections/co-ord-set
2025-05-05 16:24:28,555 [INFO] Successfully fetched https://www.westside.com/collections/view-all-lingerie
2025-05-05 16:24:30,803 [INFO] Successfully fetched https://www.westside.com/collections/lingerie-swimwear
2025-05-05 16:24:33,054 [INFO] Successfully fetched https://www.westside.com/collections/loungewear-and-sleepwear
2025-05-05 16:24:34,161 [INFO] Successfully fetched https://www.westside.com/collections/trending-now-man
2025-05-05 16:24:35,413 [INFO] Successfully fetched https://www.westside.com/pages/men-clp
2025-05-05 16:24:37,146 [INFO] Successfully fetched https://www.westside.com/collections/men-new-in
2025-05-05 16:24:38,383 [INFO] Successfully fetched https://www.westside.com/collections/casual-shirts-for-men
2025-05-05 16:24:39,671 [INFO] Successfully fetched https://www.westside.com/collections/t-shirts-for-men
2025-05-05 16:24:40,780 [INFO] Successfully fetched https://www.westside.com/collections/polo-t-shirts-for-men
2025-05-05 16:24:42,093 [INFO] Successfully fetched https://www.westside.com/collections/sweatshirts-for-men
2025-05-05 16:24:44,039 [INFO] Successfully fetched https://www.westside.com/collections/men-jeans
2025-05-05 16:24:46,015 [INFO] Successfully fetched https://www.westside.com/collections/casual-trousers-chinos-for-men
2025-05-05 16:24:47,297 [INFO] Successfully fetched https://www.westside.com/collections/blazers-and-jackets-for-men
2025-05-05 16:24:48,740 [INFO] Successfully fetched https://www.westside.com/collections/formal-shirts-for-men
2025-05-05 16:24:49,861 [INFO] Successfully fetched https://www.westside.com/collections/formal-trousers-for-men
2025-05-05 16:24:51,034 [INFO] Successfully fetched https://www.westside.com/collections/joggers-shorts-for-men
2025-05-05 16:24:52,156 [INFO] Successfully fetched https://www.westside.com/collections/loungewear-sleepwear-for-men
2025-05-05 16:24:53,387 [INFO] Successfully fetched https://www.westside.com/collections/mens-underwear
2025-05-05 16:24:54,518 [INFO] Successfully fetched https://www.westside.com/collections/ethnic-wear-for-man
2025-05-05 16:24:55,635 [INFO] Successfully fetched https://www.westside.com/collections/new-in-mens-footwear
2025-05-05 16:24:57,463 [INFO] Successfully fetched https://www.westside.com/collections/shoes-for-men
2025-05-05 16:25:00,025 [INFO] Successfully fetched https://www.westside.com/collections/casual-shoes-for-men
2025-05-05 16:25:01,241 [INFO] Successfully fetched https://www.westside.com/collections/formal-shoes-for-men
2025-05-05 16:25:02,378 [INFO] Successfully fetched https://www.westside.com/collections/sneakers-for-men-online
2025-05-05 16:25:04,327 [INFO] Successfully fetched https://www.westside.com/collections/flip-flop-slides-clog-for-men
2025-05-05 16:25:06,460 [INFO] Successfully fetched https://www.westside.com/collections/boots-for-men
2025-05-05 16:25:07,567 [INFO] Successfully fetched https://www.westside.com/collections/perfumes-and-fragrances-for-men
2025-05-05 16:25:08,691 [INFO] Successfully fetched https://www.westside.com/collections/new-in-kids
2025-05-05 16:25:09,955 [INFO] Successfully fetched https://www.westside.com/collections/view-all-kids
2025-05-05 16:25:11,803 [INFO] Successfully fetched https://www.westside.com/collections/trending-now-kidswear
2025-05-05 16:25:12,939 [INFO] Successfully fetched https://www.westside.com/collections/kids-girl-dresses-jumpsuits
2025-05-05 16:25:14,222 [INFO] Successfully fetched https://www.westside.com/collections/kids-girl-tops-jackets
2025-05-05 16:25:15,576 [INFO] Successfully fetched https://www.westside.com/collections/kids-girl-skirts-shorts
2025-05-05 16:25:16,838 [INFO] Successfully fetched https://www.westside.com/collections/denim-trousers
2025-05-05 16:25:18,005 [INFO] Successfully fetched https://www.westside.com/collections/ethnic-wear-for-kids-girl
2025-05-05 16:25:19,080 [INFO] Successfully fetched https://www.westside.com/collections/kids-girl-underwear
2025-05-05 16:25:20,983 [INFO] Successfully fetched https://www.westside.com/collections/kids-girls-footwear
2025-05-05 16:25:22,183 [INFO] Successfully fetched https://www.westside.com/collections/shirts-t-shirt
2025-05-05 16:25:23,484 [INFO] Successfully fetched https://www.westside.com/collections/kids-boy-sweatshirts
2025-05-05 16:25:25,342 [INFO] Successfully fetched https://www.westside.com/collections/kids-boys-denim-trousers
2025-05-05 16:25:27,289 [INFO] Successfully fetched https://www.westside.com/collections/joggers-shorts
2025-05-05 16:25:28,474 [INFO] Successfully fetched https://www.westside.com/collections/kids-boys-underwear
2025-05-05 16:25:30,045 [INFO] Successfully fetched https://www.westside.com/collections/kids-boys-footwear
2025-05-05 16:25:31,309 [INFO] Successfully fetched https://www.westside.com/collections/baby-girl-dresses-jumpsuits
2025-05-05 16:25:32,497 [INFO] Successfully fetched https://www.westside.com/collections/baby-girl-tops-t-shirts
2025-05-05 16:25:34,120 [INFO] Successfully fetched https://www.westside.com/collections/baby-girl-sweatshirts-jackets
2025-05-05 16:25:36,205 [INFO] Successfully fetched https://www.westside.com/collections/baby-girl-leggings-joggers
2025-05-05 16:25:37,387 [INFO] Successfully fetched https://www.westside.com/collections/baby-girl-rompers-bodysuits
2025-05-05 16:25:38,523 [INFO] Successfully fetched https://www.westside.com/collections/baby-girl-accessories
2025-05-05 16:25:39,662 [INFO] Successfully fetched https://www.westside.com/collections/baby-girls-footwear
2025-05-05 16:25:41,054 [INFO] Successfully fetched https://www.westside.com/collections/shirts-t-shirts
2025-05-05 16:25:42,153 [INFO] Successfully fetched https://www.westside.com/collections/jackets-baby-boy
2025-05-05 16:25:43,752 [INFO] Successfully fetched https://www.westside.com/collections/baby-boy-jeans
2025-05-05 16:25:45,647 [INFO] Successfully fetched https://www.westside.com/collections/baby-boy-joggers-shorts
2025-05-05 16:25:47,238 [INFO] Successfully fetched https://www.westside.com/collections/baby-boy-rompers-bodysuits
2025-05-05 16:25:49,143 [INFO] Successfully fetched https://www.westside.com/collections/baby-boy-accessories
2025-05-05 16:25:51,105 [INFO] Successfully fetched https://www.westside.com/collections/baby-boys-footwear
2025-05-05 16:25:52,330 [INFO] Successfully fetched https://www.westside.com/collections/trending-now-beauty
2025-05-05 16:25:53,488 [INFO] Successfully fetched https://www.westside.com/collections/new-in-beauty
2025-05-05 16:25:54,842 [INFO] Successfully fetched https://www.westside.com/pages/beauty-clp
2025-05-05 16:25:56,555 [INFO] Successfully fetched https://www.westside.com/collections/hair-care
