2025-05-05 10:09:30,006 [INFO] Scrapy 2.8.0 started (bot: scrapybot)
2025-05-05 10:09:30,038 [INFO] Versions: lxml 5.4.0.0, libxml2 2.11.9, cssselect 1.3.0, parsel 1.10.0, w3lib 2.3.1, Twisted 24.11.0, Python 3.9.21 (main, Dec 11 2024, 16:35:24) [MSC v.1929 64 bit (AMD64)], pyOpenSSL 25.0.0 (OpenSSL 3.4.1 11 Feb 2025), cryptography 44.0.3, Platform Windows-10-10.0.26100-SP0
2025-05-05 10:09:30,039 [INFO] Starting crawler for domain: virgio.com
2025-05-05 10:09:30,043 [INFO] Overridden settings:
{}
2025-05-05 10:09:30,048 [WARNING] C:\Users\ASUS\anaconda3\envs\ecommerce-crawler\lib\site-packages\scrapy\utils\request.py:232: ScrapyDeprecationWarning: '2.6' is a deprecated value for the 'REQUEST_FINGERPRINTER_IMPLEMENTATION' setting.

It is also the default value. In other words, it is normal to get this warning if you have not defined a value for the 'REQUEST_FINGERPRINTER_IMPLEMENTATION' setting. This is so for backward compatibility reasons, but it will change in a future version of Scrapy.

See the documentation of the 'REQUEST_FINGERPRINTER_IMPLEMENTATION' setting for information on how to handle this deprecation.
  return cls(crawler)

2025-05-05 10:09:30,055 [DEBUG] Using reactor: twisted.internet.selectreactor.SelectReactor
2025-05-05 10:09:30,082 [INFO] Telnet Password: e0f558db8e613c85
2025-05-05 10:09:30,112 [INFO] Enabled extensions:
['scrapy.extensions.corestats.CoreStats',
 'scrapy.extensions.telnet.TelnetConsole',
 'scrapy.extensions.logstats.LogStats']
2025-05-05 10:09:30,451 [INFO] Enabled downloader middlewares:
['scrapy.downloadermiddlewares.httpauth.HttpAuthMiddleware',
 'scrapy.downloadermiddlewares.downloadtimeout.DownloadTimeoutMiddleware',
 'scrapy.downloadermiddlewares.defaultheaders.DefaultHeadersMiddleware',
 'scrapy.downloadermiddlewares.useragent.UserAgentMiddleware',
 'scrapy.downloadermiddlewares.retry.RetryMiddleware',
 'scrapy.downloadermiddlewares.redirect.MetaRefreshMiddleware',
 'scrapy.downloadermiddlewares.httpcompression.HttpCompressionMiddleware',
 'scrapy.downloadermiddlewares.redirect.RedirectMiddleware',
 'scrapy.downloadermiddlewares.cookies.CookiesMiddleware',
 'scrapy.downloadermiddlewares.httpproxy.HttpProxyMiddleware',
 'scrapy.downloadermiddlewares.stats.DownloaderStats']
2025-05-05 10:09:30,457 [INFO] Enabled spider middlewares:
['scrapy.spidermiddlewares.httperror.HttpErrorMiddleware',
 'scrapy.spidermiddlewares.offsite.OffsiteMiddleware',
 'scrapy.spidermiddlewares.referer.RefererMiddleware',
 'scrapy.spidermiddlewares.urllength.UrlLengthMiddleware',
 'scrapy.spidermiddlewares.depth.DepthMiddleware']
2025-05-05 10:09:30,459 [INFO] Enabled item pipelines:
[]
2025-05-05 10:09:30,459 [INFO] Spider opened
2025-05-05 10:09:30,644 [INFO] Crawled 0 pages (at 0 pages/min), scraped 0 items (at 0 items/min)
2025-05-05 10:09:30,646 [INFO] Telnet console listening on 127.0.0.1:6023
2025-05-05 10:09:30,647 [INFO] Starting crawler for domain: tatacliq.com
2025-05-05 10:09:30,649 [INFO] Overridden settings:
{}
2025-05-05 10:09:30,650 [INFO] Telnet Password: 4c146edf79b540b6
2025-05-05 10:09:30,652 [INFO] Enabled extensions:
['scrapy.extensions.corestats.CoreStats',
 'scrapy.extensions.telnet.TelnetConsole',
 'scrapy.extensions.logstats.LogStats']
2025-05-05 10:09:30,657 [INFO] Enabled downloader middlewares:
['scrapy.downloadermiddlewares.httpauth.HttpAuthMiddleware',
 'scrapy.downloadermiddlewares.downloadtimeout.DownloadTimeoutMiddleware',
 'scrapy.downloadermiddlewares.defaultheaders.DefaultHeadersMiddleware',
 'scrapy.downloadermiddlewares.useragent.UserAgentMiddleware',
 'scrapy.downloadermiddlewares.retry.RetryMiddleware',
 'scrapy.downloadermiddlewares.redirect.MetaRefreshMiddleware',
 'scrapy.downloadermiddlewares.httpcompression.HttpCompressionMiddleware',
 'scrapy.downloadermiddlewares.redirect.RedirectMiddleware',
 'scrapy.downloadermiddlewares.cookies.CookiesMiddleware',
 'scrapy.downloadermiddlewares.httpproxy.HttpProxyMiddleware',
 'scrapy.downloadermiddlewares.stats.DownloaderStats']
2025-05-05 10:09:30,698 [INFO] Enabled spider middlewares:
['scrapy.spidermiddlewares.httperror.HttpErrorMiddleware',
 'scrapy.spidermiddlewares.offsite.OffsiteMiddleware',
 'scrapy.spidermiddlewares.referer.RefererMiddleware',
 'scrapy.spidermiddlewares.urllength.UrlLengthMiddleware',
 'scrapy.spidermiddlewares.depth.DepthMiddleware']
2025-05-05 10:09:30,707 [INFO] Enabled item pipelines:
[]
2025-05-05 10:09:30,707 [INFO] Spider opened
2025-05-05 10:09:30,708 [INFO] Crawled 0 pages (at 0 pages/min), scraped 0 items (at 0 items/min)
2025-05-05 10:09:30,710 [INFO] Telnet console listening on 127.0.0.1:6024
2025-05-05 10:09:30,711 [INFO] Starting crawler for domain: nykaafashion.com
2025-05-05 10:09:30,714 [INFO] Overridden settings:
{}
2025-05-05 10:09:30,716 [INFO] Telnet Password: e64191ba08ad07ef
2025-05-05 10:09:30,722 [INFO] Enabled extensions:
['scrapy.extensions.corestats.CoreStats',
 'scrapy.extensions.telnet.TelnetConsole',
 'scrapy.extensions.logstats.LogStats']
2025-05-05 10:09:30,728 [INFO] Enabled downloader middlewares:
['scrapy.downloadermiddlewares.httpauth.HttpAuthMiddleware',
 'scrapy.downloadermiddlewares.downloadtimeout.DownloadTimeoutMiddleware',
 'scrapy.downloadermiddlewares.defaultheaders.DefaultHeadersMiddleware',
 'scrapy.downloadermiddlewares.useragent.UserAgentMiddleware',
 'scrapy.downloadermiddlewares.retry.RetryMiddleware',
 'scrapy.downloadermiddlewares.redirect.MetaRefreshMiddleware',
 'scrapy.downloadermiddlewares.httpcompression.HttpCompressionMiddleware',
 'scrapy.downloadermiddlewares.redirect.RedirectMiddleware',
 'scrapy.downloadermiddlewares.cookies.CookiesMiddleware',
 'scrapy.downloadermiddlewares.httpproxy.HttpProxyMiddleware',
 'scrapy.downloadermiddlewares.stats.DownloaderStats']
2025-05-05 10:09:30,730 [INFO] Enabled spider middlewares:
['scrapy.spidermiddlewares.httperror.HttpErrorMiddleware',
 'scrapy.spidermiddlewares.offsite.OffsiteMiddleware',
 'scrapy.spidermiddlewares.referer.RefererMiddleware',
 'scrapy.spidermiddlewares.urllength.UrlLengthMiddleware',
 'scrapy.spidermiddlewares.depth.DepthMiddleware']
2025-05-05 10:09:30,731 [INFO] Enabled item pipelines:
[]
2025-05-05 10:09:30,732 [INFO] Spider opened
2025-05-05 10:09:30,733 [INFO] Crawled 0 pages (at 0 pages/min), scraped 0 items (at 0 items/min)
2025-05-05 10:09:30,735 [INFO] Telnet console listening on 127.0.0.1:6025
2025-05-05 10:09:30,736 [INFO] Starting crawler for domain: westside.com
2025-05-05 10:09:30,740 [INFO] Overridden settings:
{}
2025-05-05 10:09:30,741 [INFO] Telnet Password: efefe47cfccce4ec
2025-05-05 10:09:30,743 [INFO] Enabled extensions:
['scrapy.extensions.corestats.CoreStats',
 'scrapy.extensions.telnet.TelnetConsole',
 'scrapy.extensions.logstats.LogStats']
2025-05-05 10:09:30,745 [INFO] Enabled downloader middlewares:
['scrapy.downloadermiddlewares.httpauth.HttpAuthMiddleware',
 'scrapy.downloadermiddlewares.downloadtimeout.DownloadTimeoutMiddleware',
 'scrapy.downloadermiddlewares.defaultheaders.DefaultHeadersMiddleware',
 'scrapy.downloadermiddlewares.useragent.UserAgentMiddleware',
 'scrapy.downloadermiddlewares.retry.RetryMiddleware',
 'scrapy.downloadermiddlewares.redirect.MetaRefreshMiddleware',
 'scrapy.downloadermiddlewares.httpcompression.HttpCompressionMiddleware',
 'scrapy.downloadermiddlewares.redirect.RedirectMiddleware',
 'scrapy.downloadermiddlewares.cookies.CookiesMiddleware',
 'scrapy.downloadermiddlewares.httpproxy.HttpProxyMiddleware',
 'scrapy.downloadermiddlewares.stats.DownloaderStats']
2025-05-05 10:09:30,747 [INFO] Enabled spider middlewares:
['scrapy.spidermiddlewares.httperror.HttpErrorMiddleware',
 'scrapy.spidermiddlewares.offsite.OffsiteMiddleware',
 'scrapy.spidermiddlewares.referer.RefererMiddleware',
 'scrapy.spidermiddlewares.urllength.UrlLengthMiddleware',
 'scrapy.spidermiddlewares.depth.DepthMiddleware']
2025-05-05 10:09:30,747 [INFO] Enabled item pipelines:
[]
2025-05-05 10:09:30,748 [INFO] Spider opened
2025-05-05 10:09:30,749 [INFO] Crawled 0 pages (at 0 pages/min), scraped 0 items (at 0 items/min)
2025-05-05 10:09:30,752 [INFO] Telnet console listening on 127.0.0.1:6026
2025-05-05 10:09:30,753 [INFO] Starting crawl process for 4 domains...
